[20-Oct-2018 06:46:41 UTC] PHP Warning:  readdir() expects parameter 1 to be resource, null given in /home/ubuntu/workspace/cst336/practice/midterm_practice/midterm_practice1.php on line 11
[20-Oct-2018 06:46:41 UTC] PHP Stack trace:
[20-Oct-2018 06:46:41 UTC] PHP   1. {main}() /home/ubuntu/workspace/cst336/practice/midterm_practice/midterm_practice1.php:0
[20-Oct-2018 06:46:41 UTC] PHP   2. readdir() /home/ubuntu/workspace/cst336/practice/midterm_practice/midterm_practice1.php:11
[20-Oct-2018 06:48:46 UTC] PHP Warning:  readdir() expects parameter 1 to be resource, null given in /home/ubuntu/workspace/cst336/practice/midterm_practice/midterm_practice1.php on line 11
[20-Oct-2018 06:48:47 UTC] PHP Stack trace:
[20-Oct-2018 06:48:47 UTC] PHP   1. {main}() /home/ubuntu/workspace/cst336/practice/midterm_practice/midterm_practice1.php:0
[20-Oct-2018 06:48:47 UTC] PHP   2. readdir() /home/ubuntu/workspace/cst336/practice/midterm_practice/midterm_practice1.php:11
[20-Oct-2018 06:48:56 UTC] PHP Warning:  readdir() expects parameter 1 to be resource, null given in /home/ubuntu/workspace/cst336/practice/midterm_practice/midterm_practice1.php on line 11
[20-Oct-2018 06:48:56 UTC] PHP Stack trace:
[20-Oct-2018 06:48:56 UTC] PHP   1. {main}() /home/ubuntu/workspace/cst336/practice/midterm_practice/midterm_practice1.php:0
[20-Oct-2018 06:48:56 UTC] PHP   2. readdir() /home/ubuntu/workspace/cst336/practice/midterm_practice/midterm_practice1.php:11
[21-Oct-2018 01:04:11 UTC] PHP Warning:  array_combine() expects parameter 2 to be array, null given in /home/ubuntu/workspace/cst336/practice/midterm_practice/midterm_practice1.php on line 36
[21-Oct-2018 01:04:12 UTC] PHP Stack trace:
[21-Oct-2018 01:04:12 UTC] PHP   1. {main}() /home/ubuntu/workspace/cst336/practice/midterm_practice/midterm_practice1.php:0
[21-Oct-2018 01:04:12 UTC] PHP   2. displayCalendar() /home/ubuntu/workspace/cst336/practice/midterm_practice/midterm_practice1.php:140
[21-Oct-2018 01:04:12 UTC] PHP   3. array_combine() /home/ubuntu/workspace/cst336/practice/midterm_practice/midterm_practice1.php:36
[21-Oct-2018 01:04:20 UTC] PHP Warning:  array_combine() expects parameter 2 to be array, null given in /home/ubuntu/workspace/cst336/practice/midterm_practice/midterm_practice1.php on line 36
[21-Oct-2018 01:04:20 UTC] PHP Stack trace:
[21-Oct-2018 01:04:20 UTC] PHP   1. {main}() /home/ubuntu/workspace/cst336/practice/midterm_practice/midterm_practice1.php:0
[21-Oct-2018 01:04:20 UTC] PHP   2. displayCalendar() /home/ubuntu/workspace/cst336/practice/midterm_practice/midterm_practice1.php:140
[21-Oct-2018 01:04:20 UTC] PHP   3. array_combine() /home/ubuntu/workspace/cst336/practice/midterm_practice/midterm_practice1.php:36
[21-Oct-2018 01:04:23 UTC] PHP Warning:  array_combine() expects parameter 2 to be array, null given in /home/ubuntu/workspace/cst336/practice/midterm_practice/midterm_practice1.php on line 36
[21-Oct-2018 01:04:23 UTC] PHP Stack trace:
[21-Oct-2018 01:04:23 UTC] PHP   1. {main}() /home/ubuntu/workspace/cst336/practice/midterm_practice/midterm_practice1.php:0
[21-Oct-2018 01:04:23 UTC] PHP   2. displayCalendar() /home/ubuntu/workspace/cst336/practice/midterm_practice/midterm_practice1.php:140
[21-Oct-2018 01:04:23 UTC] PHP   3. array_combine() /home/ubuntu/workspace/cst336/practice/midterm_practice/midterm_practice1.php:36
[21-Oct-2018 01:04:25 UTC] PHP Warning:  array_combine() expects parameter 2 to be array, null given in /home/ubuntu/workspace/cst336/practice/midterm_practice/midterm_practice1.php on line 36
[21-Oct-2018 01:04:25 UTC] PHP Stack trace:
[21-Oct-2018 01:04:25 UTC] PHP   1. {main}() /home/ubuntu/workspace/cst336/practice/midterm_practice/midterm_practice1.php:0
[21-Oct-2018 01:04:25 UTC] PHP   2. displayCalendar() /home/ubuntu/workspace/cst336/practice/midterm_practice/midterm_practice1.php:140
[21-Oct-2018 01:04:25 UTC] PHP   3. array_combine() /home/ubuntu/workspace/cst336/practice/midterm_practice/midterm_practice1.php:36
[23-Oct-2018 21:26:06 UTC] PHP Fatal error:  Uncaught exception 'PDOException' with message 'SQLSTATE[HY000] [1049] Unknown database 'midterm_pratice'' in /home/ubuntu/workspace/cst336/inc/dbConnection.php:8
Stack trace:
#0 /home/ubuntu/workspace/cst336/inc/dbConnection.php(8): PDO->__construct('mysql:host=loca...', 'root', '')
#1 /home/ubuntu/workspace/cst336/practice/midterm_practice/midterm_practice2.php(4): startConnection('midterm_pratice')
#2 {main}
  thrown in /home/ubuntu/workspace/cst336/inc/dbConnection.php on line 8
[23-Oct-2018 21:27:18 UTC] PHP Fatal error:  Uncaught exception 'PDOException' with message 'SQLSTATE[HY000] [1049] Unknown database 'midterm_pratice'' in /home/ubuntu/workspace/cst336/inc/dbConnection.php:8
Stack trace:
#0 /home/ubuntu/workspace/cst336/inc/dbConnection.php(8): PDO->__construct('mysql:host=loca...', 'root', '')
#1 /home/ubuntu/workspace/cst336/practice/midterm_practice/midterm_practice2.php(4): startConnection('midterm_pratice')
#2 {main}
  thrown in /home/ubuntu/workspace/cst336/inc/dbConnection.php on line 8
[23-Oct-2018 21:27:49 UTC] PHP Fatal error:  Uncaught exception 'PDOException' with message 'SQLSTATE[HY000] [1049] Unknown database 'midterm_pratice'' in /home/ubuntu/workspace/cst336/inc/dbConnection.php:8
Stack trace:
#0 /home/ubuntu/workspace/cst336/inc/dbConnection.php(8): PDO->__construct('mysql:host=loca...', 'root', '')
#1 /home/ubuntu/workspace/cst336/practice/midterm_practice/midterm_practice2.php(4): startConnection('midterm_pratice')
#2 {main}
  thrown in /home/ubuntu/workspace/cst336/inc/dbConnection.php on line 8
[23-Oct-2018 21:27:51 UTC] PHP Fatal error:  Uncaught exception 'PDOException' with message 'SQLSTATE[HY000] [1049] Unknown database 'midterm_pratice'' in /home/ubuntu/workspace/cst336/inc/dbConnection.php:8
Stack trace:
#0 /home/ubuntu/workspace/cst336/inc/dbConnection.php(8): PDO->__construct('mysql:host=loca...', 'root', '')
#1 /home/ubuntu/workspace/cst336/practice/midterm_practice/midterm_practice2.php(4): startConnection('midterm_pratice')
#2 {main}
  thrown in /home/ubuntu/workspace/cst336/inc/dbConnection.php on line 8
[24-Oct-2018 06:18:08 UTC] PHP Warning:  Illegal offset type in /home/ubuntu/workspace/cst336/practice/midterm_practice/midterm_practice1.php on line 32
[24-Oct-2018 06:18:08 UTC] PHP Stack trace:
[24-Oct-2018 06:18:08 UTC] PHP   1. {main}() /home/ubuntu/workspace/cst336/practice/midterm_practice/midterm_practice1.php:0
[24-Oct-2018 06:18:08 UTC] PHP   2. displayCalendar() /home/ubuntu/workspace/cst336/practice/midterm_practice/midterm_practice1.php:144
[24-Oct-2018 06:18:08 UTC] PHP Warning:  Illegal offset type in /home/ubuntu/workspace/cst336/practice/midterm_practice/midterm_practice1.php on line 32
[24-Oct-2018 06:18:08 UTC] PHP Stack trace:
[24-Oct-2018 06:18:08 UTC] PHP   1. {main}() /home/ubuntu/workspace/cst336/practice/midterm_practice/midterm_practice1.php:0
[24-Oct-2018 06:18:08 UTC] PHP   2. displayCalendar() /home/ubuntu/workspace/cst336/practice/midterm_practice/midterm_practice1.php:144
[24-Oct-2018 06:18:08 UTC] PHP Warning:  Illegal offset type in /home/ubuntu/workspace/cst336/practice/midterm_practice/midterm_practice1.php on line 32
[24-Oct-2018 06:18:08 UTC] PHP Stack trace:
[24-Oct-2018 06:18:08 UTC] PHP   1. {main}() /home/ubuntu/workspace/cst336/practice/midterm_practice/midterm_practice1.php:0
[24-Oct-2018 06:18:08 UTC] PHP   2. displayCalendar() /home/ubuntu/workspace/cst336/practice/midterm_practice/midterm_practice1.php:144
[24-Oct-2018 06:18:24 UTC] PHP Warning:  Illegal offset type in /home/ubuntu/workspace/cst336/practice/midterm_practice/midterm_practice1.php on line 32
[24-Oct-2018 06:18:24 UTC] PHP Stack trace:
[24-Oct-2018 06:18:24 UTC] PHP   1. {main}() /home/ubuntu/workspace/cst336/practice/midterm_practice/midterm_practice1.php:0
[24-Oct-2018 06:18:24 UTC] PHP   2. displayCalendar() /home/ubuntu/workspace/cst336/practice/midterm_practice/midterm_practice1.php:144
[24-Oct-2018 06:18:24 UTC] PHP Warning:  Illegal offset type in /home/ubuntu/workspace/cst336/practice/midterm_practice/midterm_practice1.php on line 32
[24-Oct-2018 06:18:24 UTC] PHP Stack trace:
[24-Oct-2018 06:18:24 UTC] PHP   1. {main}() /home/ubuntu/workspace/cst336/practice/midterm_practice/midterm_practice1.php:0
[24-Oct-2018 06:18:24 UTC] PHP   2. displayCalendar() /home/ubuntu/workspace/cst336/practice/midterm_practice/midterm_practice1.php:144
[24-Oct-2018 06:18:24 UTC] PHP Warning:  Illegal offset type in /home/ubuntu/workspace/cst336/practice/midterm_practice/midterm_practice1.php on line 32
[24-Oct-2018 06:18:24 UTC] PHP Stack trace:
[24-Oct-2018 06:18:24 UTC] PHP   1. {main}() /home/ubuntu/workspace/cst336/practice/midterm_practice/midterm_practice1.php:0
[24-Oct-2018 06:18:24 UTC] PHP   2. displayCalendar() /home/ubuntu/workspace/cst336/practice/midterm_practice/midterm_practice1.php:144
[24-Oct-2018 06:21:04 UTC] PHP Warning:  Illegal offset type in /home/ubuntu/workspace/cst336/practice/midterm_practice/midterm_practice1.php on line 32
[24-Oct-2018 06:21:04 UTC] PHP Stack trace:
[24-Oct-2018 06:21:04 UTC] PHP   1. {main}() /home/ubuntu/workspace/cst336/practice/midterm_practice/midterm_practice1.php:0
[24-Oct-2018 06:21:04 UTC] PHP   2. displayCalendar() /home/ubuntu/workspace/cst336/practice/midterm_practice/midterm_practice1.php:144
[24-Oct-2018 06:21:04 UTC] PHP Warning:  Illegal offset type in /home/ubuntu/workspace/cst336/practice/midterm_practice/midterm_practice1.php on line 32
[24-Oct-2018 06:21:04 UTC] PHP Stack trace:
[24-Oct-2018 06:21:04 UTC] PHP   1. {main}() /home/ubuntu/workspace/cst336/practice/midterm_practice/midterm_practice1.php:0
[24-Oct-2018 06:21:04 UTC] PHP   2. displayCalendar() /home/ubuntu/workspace/cst336/practice/midterm_practice/midterm_practice1.php:144
[24-Oct-2018 06:21:04 UTC] PHP Warning:  Illegal offset type in /home/ubuntu/workspace/cst336/practice/midterm_practice/midterm_practice1.php on line 32
[24-Oct-2018 06:21:04 UTC] PHP Stack trace:
[24-Oct-2018 06:21:04 UTC] PHP   1. {main}() /home/ubuntu/workspace/cst336/practice/midterm_practice/midterm_practice1.php:0
[24-Oct-2018 06:21:04 UTC] PHP   2. displayCalendar() /home/ubuntu/workspace/cst336/practice/midterm_practice/midterm_practice1.php:144
[24-Oct-2018 06:21:13 UTC] PHP Warning:  Illegal offset type in /home/ubuntu/workspace/cst336/practice/midterm_practice/midterm_practice1.php on line 32
[24-Oct-2018 06:21:13 UTC] PHP Stack trace:
[24-Oct-2018 06:21:13 UTC] PHP   1. {main}() /home/ubuntu/workspace/cst336/practice/midterm_practice/midterm_practice1.php:0
[24-Oct-2018 06:21:13 UTC] PHP   2. displayCalendar() /home/ubuntu/workspace/cst336/practice/midterm_practice/midterm_practice1.php:144
[24-Oct-2018 06:21:13 UTC] PHP Warning:  Illegal offset type in /home/ubuntu/workspace/cst336/practice/midterm_practice/midterm_practice1.php on line 32
[24-Oct-2018 06:21:13 UTC] PHP Stack trace:
[24-Oct-2018 06:21:13 UTC] PHP   1. {main}() /home/ubuntu/workspace/cst336/practice/midterm_practice/midterm_practice1.php:0
[24-Oct-2018 06:21:13 UTC] PHP   2. displayCalendar() /home/ubuntu/workspace/cst336/practice/midterm_practice/midterm_practice1.php:144
[24-Oct-2018 06:21:13 UTC] PHP Warning:  Illegal offset type in /home/ubuntu/workspace/cst336/practice/midterm_practice/midterm_practice1.php on line 32
[24-Oct-2018 06:21:13 UTC] PHP Stack trace:
[24-Oct-2018 06:21:13 UTC] PHP   1. {main}() /home/ubuntu/workspace/cst336/practice/midterm_practice/midterm_practice1.php:0
[24-Oct-2018 06:21:13 UTC] PHP   2. displayCalendar() /home/ubuntu/workspace/cst336/practice/midterm_practice/midterm_practice1.php:144
[24-Oct-2018 06:23:06 UTC] PHP Warning:  Illegal offset type in /home/ubuntu/workspace/cst336/practice/midterm_practice/midterm_practice1.php on line 32
[24-Oct-2018 06:23:06 UTC] PHP Stack trace:
[24-Oct-2018 06:23:06 UTC] PHP   1. {main}() /home/ubuntu/workspace/cst336/practice/midterm_practice/midterm_practice1.php:0
[24-Oct-2018 06:23:06 UTC] PHP   2. displayCalendar() /home/ubuntu/workspace/cst336/practice/midterm_practice/midterm_practice1.php:145
[24-Oct-2018 06:23:06 UTC] PHP Warning:  Illegal offset type in /home/ubuntu/workspace/cst336/practice/midterm_practice/midterm_practice1.php on line 32
[24-Oct-2018 06:23:06 UTC] PHP Stack trace:
[24-Oct-2018 06:23:06 UTC] PHP   1. {main}() /home/ubuntu/workspace/cst336/practice/midterm_practice/midterm_practice1.php:0
[24-Oct-2018 06:23:06 UTC] PHP   2. displayCalendar() /home/ubuntu/workspace/cst336/practice/midterm_practice/midterm_practice1.php:145
[24-Oct-2018 06:23:06 UTC] PHP Warning:  Illegal offset type in /home/ubuntu/workspace/cst336/practice/midterm_practice/midterm_practice1.php on line 32
[24-Oct-2018 06:23:06 UTC] PHP Stack trace:
[24-Oct-2018 06:23:06 UTC] PHP   1. {main}() /home/ubuntu/workspace/cst336/practice/midterm_practice/midterm_practice1.php:0
[24-Oct-2018 06:23:06 UTC] PHP   2. displayCalendar() /home/ubuntu/workspace/cst336/practice/midterm_practice/midterm_practice1.php:145
[29-Oct-2018 19:33:36 UTC] PHP Fatal error:  Uncaught exception 'PDOException' with message 'SQLSTATE[42S02]: Base table or view not found: 1146 Table 'ottermart.Practice7' doesn't exist' in /home/ubuntu/workspace/cst336/practice/p7/index.php:11
Stack trace:
#0 /home/ubuntu/workspace/cst336/practice/p7/index.php(11): PDOStatement->execute()
#1 /home/ubuntu/workspace/cst336/practice/p7/index.php(35): displayCategories()
#2 {main}
  thrown in /home/ubuntu/workspace/cst336/practice/p7/index.php on line 11
[29-Oct-2018 19:34:26 UTC] PHP Fatal error:  Uncaught exception 'PDOException' with message 'SQLSTATE[42S02]: Base table or view not found: 1146 Table 'Practice7.Practice7' doesn't exist' in /home/ubuntu/workspace/cst336/practice/p7/index.php:11
Stack trace:
#0 /home/ubuntu/workspace/cst336/practice/p7/index.php(11): PDOStatement->execute()
#1 /home/ubuntu/workspace/cst336/practice/p7/index.php(35): displayCategories()
#2 {main}
  thrown in /home/ubuntu/workspace/cst336/practice/p7/index.php on line 11
[29-Oct-2018 19:38:27 UTC] PHP Fatal error:  Uncaught exception 'PDOException' with message 'SQLSTATE[42000]: Syntax error or access violation: 1064 You have an error in your SQL syntax; check the manual that corresponds to your MySQL server version for the right syntax to use near 'FROM p1_quotes ORDER BY category' at line 1' in /home/ubuntu/workspace/cst336/practice/p7/index.php:11
Stack trace:
#0 /home/ubuntu/workspace/cst336/practice/p7/index.php(11): PDOStatement->execute()
#1 /home/ubuntu/workspace/cst336/practice/p7/index.php(35): displayCategories()
#2 {main}
  thrown in /home/ubuntu/workspace/cst336/practice/p7/index.php on line 11
[29-Oct-2018 19:54:17 UTC] PHP Parse error:  syntax error, unexpected end of file in /home/ubuntu/workspace/cst336/practice/p7/index.php on line 64
[29-Oct-2018 19:54:54 UTC] PHP Parse error:  syntax error, unexpected end of file in /home/ubuntu/workspace/cst336/practice/p7/index.php on line 64
[29-Oct-2018 19:54:56 UTC] PHP Parse error:  syntax error, unexpected end of file in /home/ubuntu/workspace/cst336/practice/p7/index.php on line 64
[29-Oct-2018 19:57:50 UTC] PHP Parse error:  syntax error, unexpected end of file in /home/ubuntu/workspace/cst336/practice/p7/index.php on line 69
[29-Oct-2018 19:57:51 UTC] PHP Parse error:  syntax error, unexpected end of file in /home/ubuntu/workspace/cst336/practice/p7/index.php on line 69
[29-Oct-2018 20:03:24 UTC] PHP Fatal error:  Call to a member function prepare() on a non-object in /home/ubuntu/workspace/cst336/practice/p7/index.php on line 31
[29-Oct-2018 20:03:24 UTC] PHP Stack trace:
[29-Oct-2018 20:03:24 UTC] PHP   1. {main}() /home/ubuntu/workspace/cst336/practice/p7/index.php:0
[29-Oct-2018 20:03:24 UTC] PHP   2. getQuotes() /home/ubuntu/workspace/cst336/practice/p7/index.php:68
[29-Oct-2018 20:03:32 UTC] PHP Fatal error:  Call to a member function prepare() on a non-object in /home/ubuntu/workspace/cst336/practice/p7/index.php on line 31
[29-Oct-2018 20:03:32 UTC] PHP Stack trace:
[29-Oct-2018 20:03:32 UTC] PHP   1. {main}() /home/ubuntu/workspace/cst336/practice/p7/index.php:0
[29-Oct-2018 20:03:32 UTC] PHP   2. getQuotes() /home/ubuntu/workspace/cst336/practice/p7/index.php:68
[29-Oct-2018 20:04:14 UTC] PHP Fatal error:  Call to a member function prepare() on a non-object in /home/ubuntu/workspace/cst336/practice/p7/index.php on line 33
[29-Oct-2018 20:04:14 UTC] PHP Stack trace:
[29-Oct-2018 20:04:14 UTC] PHP   1. {main}() /home/ubuntu/workspace/cst336/practice/p7/index.php:0
[29-Oct-2018 20:04:14 UTC] PHP   2. getQuotes() /home/ubuntu/workspace/cst336/practice/p7/index.php:70
[29-Oct-2018 20:04:16 UTC] PHP Fatal error:  Call to a member function prepare() on a non-object in /home/ubuntu/workspace/cst336/practice/p7/index.php on line 33
[29-Oct-2018 20:04:16 UTC] PHP Stack trace:
[29-Oct-2018 20:04:16 UTC] PHP   1. {main}() /home/ubuntu/workspace/cst336/practice/p7/index.php:0
[29-Oct-2018 20:04:16 UTC] PHP   2. getQuotes() /home/ubuntu/workspace/cst336/practice/p7/index.php:70
[29-Oct-2018 20:04:23 UTC] PHP Fatal error:  Call to a member function prepare() on a non-object in /home/ubuntu/workspace/cst336/practice/p7/index.php on line 33
[29-Oct-2018 20:04:23 UTC] PHP Stack trace:
[29-Oct-2018 20:04:23 UTC] PHP   1. {main}() /home/ubuntu/workspace/cst336/practice/p7/index.php:0
[29-Oct-2018 20:04:23 UTC] PHP   2. getQuotes() /home/ubuntu/workspace/cst336/practice/p7/index.php:70
[29-Oct-2018 20:05:23 UTC] PHP Fatal error:  Uncaught exception 'PDOException' with message 'SQLSTATE[42S22]: Column not found: 1054 Unknown column 'quotes' in 'where clause'' in /home/ubuntu/workspace/cst336/practice/p7/index.php:34
Stack trace:
#0 /home/ubuntu/workspace/cst336/practice/p7/index.php(34): PDOStatement->execute(Array)
#1 /home/ubuntu/workspace/cst336/practice/p7/index.php(70): getQuotes()
#2 {main}
  thrown in /home/ubuntu/workspace/cst336/practice/p7/index.php on line 34
[29-Oct-2018 20:21:45 UTC] PHP Fatal error:  Uncaught exception 'PDOException' with message 'SQLSTATE[42000]: Syntax error or access violation: 1064 You have an error in your SQL syntax; check the manual that corresponds to your MySQL server version for the right syntax to use near '== 'Humor'' at line 1' in /home/ubuntu/workspace/cst336/practice/p7/index.php:46
Stack trace:
#0 /home/ubuntu/workspace/cst336/practice/p7/index.php(46): PDOStatement->execute(Array)
#1 /home/ubuntu/workspace/cst336/practice/p7/index.php(82): getQuotes()
#2 {main}
  thrown in /home/ubuntu/workspace/cst336/practice/p7/index.php on line 46
