[06-Nov-2018 07:01:10 UTC] PHP Parse error:  syntax error, unexpected '}' in /home/ubuntu/workspace/team_project/336project/display.php on line 69
[06-Nov-2018 07:01:29 UTC] PHP Parse error:  syntax error, unexpected '}' in /home/ubuntu/workspace/team_project/336project/display.php on line 69
[06-Nov-2018 07:04:06 UTC] PHP Parse error:  syntax error, unexpected '}' in /home/ubuntu/workspace/team_project/336project/display.php on line 69
[06-Nov-2018 07:04:19 UTC] PHP Parse error:  syntax error, unexpected '}' in /home/ubuntu/workspace/team_project/336project/display.php on line 69
[06-Nov-2018 07:06:43 UTC] PHP Parse error:  syntax error, unexpected '}' in /home/ubuntu/workspace/team_project/336project/display.php on line 69
[06-Nov-2018 16:06:55 UTC] PHP Fatal error:  Call to undefined function reload() in /home/ubuntu/workspace/team_project/336project/index.php on line 67
[06-Nov-2018 16:06:55 UTC] PHP Stack trace:
[06-Nov-2018 16:06:55 UTC] PHP   1. {main}() /home/ubuntu/workspace/team_project/336project/index.php:0
[06-Nov-2018 16:07:06 UTC] PHP Fatal error:  Call to undefined function reload() in /home/ubuntu/workspace/team_project/336project/index.php on line 67
[06-Nov-2018 16:07:06 UTC] PHP Stack trace:
[06-Nov-2018 16:07:06 UTC] PHP   1. {main}() /home/ubuntu/workspace/team_project/336project/index.php:0
[06-Nov-2018 16:07:08 UTC] PHP Fatal error:  Call to undefined function reload() in /home/ubuntu/workspace/team_project/336project/index.php on line 67
[06-Nov-2018 16:07:08 UTC] PHP Stack trace:
[06-Nov-2018 16:07:08 UTC] PHP   1. {main}() /home/ubuntu/workspace/team_project/336project/index.php:0
[06-Nov-2018 16:08:26 UTC] PHP Fatal error:  Call to undefined function reload() in /home/ubuntu/workspace/team_project/336project/index.php on line 67
[06-Nov-2018 16:08:26 UTC] PHP Stack trace:
[06-Nov-2018 16:08:26 UTC] PHP   1. {main}() /home/ubuntu/workspace/team_project/336project/index.php:0
[06-Nov-2018 16:09:14 UTC] PHP Fatal error:  Call to undefined function reload() in /home/ubuntu/workspace/team_project/336project/index.php on line 67
[06-Nov-2018 16:09:14 UTC] PHP Stack trace:
[06-Nov-2018 16:09:14 UTC] PHP   1. {main}() /home/ubuntu/workspace/team_project/336project/index.php:0
[07-Nov-2018 03:00:06 UTC] PHP Parse error:  syntax error, unexpected '200' (T_LNUMBER) in /home/ubuntu/workspace/team_project/336project/display.php on line 78
[07-Nov-2018 03:03:12 UTC] PHP Parse error:  syntax error, unexpected 'description' (T_STRING) in /home/ubuntu/workspace/team_project/336project/display.php on line 79
