[22-Sep-2018 18:53:04 UTC] PHP Parse error:  syntax error, unexpected '}', expecting ',' or ';' in /home/ubuntu/workspace/cst336/hw/hw2/index.php on line 36
[22-Sep-2018 19:47:13 UTC] PHP Parse error:  syntax error, unexpected '' (T_ENCAPSED_AND_WHITESPACE), expecting ']' in /home/ubuntu/workspace/cst336/hw/hw2/index.php on line 25
[22-Sep-2018 19:52:57 UTC] PHP Parse error:  syntax error, unexpected '"', expecting identifier (T_STRING) or variable (T_VARIABLE) or number (T_NUM_STRING) in /home/ubuntu/workspace/cst336/hw/hw2/index.php on line 25
[22-Sep-2018 19:58:31 UTC] PHP Parse error:  syntax error, unexpected '' (T_ENCAPSED_AND_WHITESPACE), expecting ']' in /home/ubuntu/workspace/cst336/hw/hw2/index.php on line 25
[22-Sep-2018 19:59:05 UTC] PHP Parse error:  syntax error, unexpected '-', expecting ']' in /home/ubuntu/workspace/cst336/hw/hw2/index.php on line 25
[22-Sep-2018 19:59:38 UTC] PHP Parse error:  syntax error, unexpected '-', expecting identifier (T_STRING) or variable (T_VARIABLE) or number (T_NUM_STRING) in /home/ubuntu/workspace/cst336/hw/hw2/index.php on line 25
[22-Sep-2018 20:04:34 UTC] PHP Parse error:  syntax error, unexpected '-', expecting ']' in /home/ubuntu/workspace/cst336/hw/hw2/index.php on line 25
[22-Sep-2018 23:59:37 UTC] PHP Fatal error:  Maximum execution time of 300 seconds exceeded in /home/ubuntu/workspace/cst336/hw/hw2/index.php on line 26
[22-Sep-2018 23:59:37 UTC] PHP Stack trace:
[22-Sep-2018 23:59:37 UTC] PHP   1. {main}() /home/ubuntu/workspace/cst336/hw/hw2/index.php:0
[23-Sep-2018 00:00:58 UTC] PHP Fatal error:  Maximum execution time of 300 seconds exceeded in /home/ubuntu/workspace/cst336/hw/hw2/index.php on line 26
[23-Sep-2018 00:00:58 UTC] PHP Stack trace:
[23-Sep-2018 00:00:58 UTC] PHP   1. {main}() /home/ubuntu/workspace/cst336/hw/hw2/index.php:0
[23-Sep-2018 00:46:44 UTC] PHP Fatal error:  Maximum execution time of 300 seconds exceeded in /home/ubuntu/workspace/cst336/hw/hw2/index.php on line 26
[23-Sep-2018 00:46:44 UTC] PHP Stack trace:
[23-Sep-2018 00:46:44 UTC] PHP   1. {main}() /home/ubuntu/workspace/cst336/hw/hw2/index.php:0
[23-Sep-2018 00:47:40 UTC] PHP Fatal error:  Maximum execution time of 300 seconds exceeded in /home/ubuntu/workspace/cst336/hw/hw2/index.php on line 26
[23-Sep-2018 00:47:40 UTC] PHP Stack trace:
[23-Sep-2018 00:47:40 UTC] PHP   1. {main}() /home/ubuntu/workspace/cst336/hw/hw2/index.php:0
[23-Sep-2018 00:47:46 UTC] PHP Fatal error:  Maximum execution time of 300 seconds exceeded in /home/ubuntu/workspace/cst336/hw/hw2/index.php on line 26
[23-Sep-2018 00:47:46 UTC] PHP Stack trace:
[23-Sep-2018 00:47:46 UTC] PHP   1. {main}() /home/ubuntu/workspace/cst336/hw/hw2/index.php:0
[23-Sep-2018 02:04:41 UTC] PHP Parse error:  syntax error, unexpected 'button' (T_STRING), expecting ',' or ';' in /home/ubuntu/workspace/cst336/hw/hw2/index.php on line 75
[26-Sep-2018 19:47:49 UTC] PHP Parse error:  syntax error, unexpected '}', expecting ',' or ';' in /home/ubuntu/workspace/cst336/hw/hw2/index.php on line 62
