[10-Oct-2018 15:43:31 UTC] PHP Fatal error:  Call to a member function prepare() on a non-object in /home/ubuntu/workspace/cst336/Labs/lab6/index.php on line 11
[10-Oct-2018 15:43:31 UTC] PHP Stack trace:
[10-Oct-2018 15:43:31 UTC] PHP   1. {main}() /home/ubuntu/workspace/cst336/Labs/lab6/index.php:0
[10-Oct-2018 15:44:09 UTC] PHP Fatal error:  Call to a member function prepare() on a non-object in /home/ubuntu/workspace/cst336/Labs/lab6/index.php on line 11
[10-Oct-2018 15:44:09 UTC] PHP Stack trace:
[10-Oct-2018 15:44:09 UTC] PHP   1. {main}() /home/ubuntu/workspace/cst336/Labs/lab6/index.php:0
[10-Oct-2018 15:44:19 UTC] PHP Fatal error:  Call to a member function prepare() on a non-object in /home/ubuntu/workspace/cst336/Labs/lab6/index.php on line 11
[10-Oct-2018 15:44:19 UTC] PHP Stack trace:
[10-Oct-2018 15:44:19 UTC] PHP   1. {main}() /home/ubuntu/workspace/cst336/Labs/lab6/index.php:0
[10-Oct-2018 15:44:56 UTC] PHP Fatal error:  Call to a member function prepare() on a non-object in /home/ubuntu/workspace/cst336/Labs/lab6/index.php on line 11
[10-Oct-2018 15:44:56 UTC] PHP Stack trace:
[10-Oct-2018 15:44:56 UTC] PHP   1. {main}() /home/ubuntu/workspace/cst336/Labs/lab6/index.php:0
[10-Oct-2018 15:44:58 UTC] PHP Fatal error:  Call to a member function prepare() on a non-object in /home/ubuntu/workspace/cst336/Labs/lab6/index.php on line 11
[10-Oct-2018 15:44:58 UTC] PHP Stack trace:
[10-Oct-2018 15:44:58 UTC] PHP   1. {main}() /home/ubuntu/workspace/cst336/Labs/lab6/index.php:0
[10-Oct-2018 15:44:59 UTC] PHP Fatal error:  Call to a member function prepare() on a non-object in /home/ubuntu/workspace/cst336/Labs/lab6/index.php on line 11
[10-Oct-2018 15:44:59 UTC] PHP Stack trace:
[10-Oct-2018 15:44:59 UTC] PHP   1. {main}() /home/ubuntu/workspace/cst336/Labs/lab6/index.php:0
[10-Oct-2018 22:26:54 UTC] PHP Fatal error:  Call to a member function prepare() on a non-object in /home/ubuntu/workspace/cst336/Labs/lab6/index.php on line 9
[10-Oct-2018 22:26:54 UTC] PHP Stack trace:
[10-Oct-2018 22:26:54 UTC] PHP   1. {main}() /home/ubuntu/workspace/cst336/Labs/lab6/index.php:0
[10-Oct-2018 22:26:54 UTC] PHP   2. displayCategories() /home/ubuntu/workspace/cst336/Labs/lab6/index.php:27
[10-Oct-2018 22:27:54 UTC] PHP Fatal error:  Call to a member function prepare() on a non-object in /home/ubuntu/workspace/cst336/Labs/lab6/index.php on line 9
[10-Oct-2018 22:27:54 UTC] PHP Stack trace:
[10-Oct-2018 22:27:54 UTC] PHP   1. {main}() /home/ubuntu/workspace/cst336/Labs/lab6/index.php:0
[10-Oct-2018 22:27:54 UTC] PHP   2. displayCategories() /home/ubuntu/workspace/cst336/Labs/lab6/index.php:27
[10-Oct-2018 22:27:56 UTC] PHP Fatal error:  Call to a member function prepare() on a non-object in /home/ubuntu/workspace/cst336/Labs/lab6/index.php on line 9
[10-Oct-2018 22:27:56 UTC] PHP Stack trace:
[10-Oct-2018 22:27:56 UTC] PHP   1. {main}() /home/ubuntu/workspace/cst336/Labs/lab6/index.php:0
[10-Oct-2018 22:27:56 UTC] PHP   2. displayCategories() /home/ubuntu/workspace/cst336/Labs/lab6/index.php:27
[14-Oct-2018 00:47:42 UTC] PHP Parse error:  syntax error, unexpected 'include' (T_INCLUDE) in /home/ubuntu/workspace/cst336/Labs/lab5/index.php on line 4
[14-Oct-2018 00:51:53 UTC] PHP Parse error:  syntax error, unexpected 'cart' (T_STRING), expecting ']' in /home/ubuntu/workspace/cst336/Labs/lab5/scart.php on line 36
[14-Oct-2018 01:49:37 UTC] PHP Fatal error:  [] operator not supported for strings in /home/ubuntu/workspace/cst336/Labs/lab5/index.php on line 10
[14-Oct-2018 01:49:37 UTC] PHP Stack trace:
[14-Oct-2018 01:49:37 UTC] PHP   1. {main}() /home/ubuntu/workspace/cst336/Labs/lab5/index.php:0
[14-Oct-2018 01:53:31 UTC] PHP Warning:  array_push() expects parameter 1 to be array, string given in /home/ubuntu/workspace/cst336/Labs/lab5/index.php on line 11
[14-Oct-2018 01:53:31 UTC] PHP Stack trace:
[14-Oct-2018 01:53:31 UTC] PHP   1. {main}() /home/ubuntu/workspace/cst336/Labs/lab5/index.php:0
[14-Oct-2018 01:53:31 UTC] PHP   2. array_push() /home/ubuntu/workspace/cst336/Labs/lab5/index.php:11
[14-Oct-2018 01:53:34 UTC] PHP Warning:  array_push() expects parameter 1 to be array, string given in /home/ubuntu/workspace/cst336/Labs/lab5/index.php on line 11
[14-Oct-2018 01:53:34 UTC] PHP Stack trace:
[14-Oct-2018 01:53:34 UTC] PHP   1. {main}() /home/ubuntu/workspace/cst336/Labs/lab5/index.php:0
[14-Oct-2018 01:53:34 UTC] PHP   2. array_push() /home/ubuntu/workspace/cst336/Labs/lab5/index.php:11
[14-Oct-2018 01:53:37 UTC] PHP Warning:  array_push() expects parameter 1 to be array, string given in /home/ubuntu/workspace/cst336/Labs/lab5/index.php on line 11
[14-Oct-2018 01:53:37 UTC] PHP Stack trace:
[14-Oct-2018 01:53:37 UTC] PHP   1. {main}() /home/ubuntu/workspace/cst336/Labs/lab5/index.php:0
[14-Oct-2018 01:53:37 UTC] PHP   2. array_push() /home/ubuntu/workspace/cst336/Labs/lab5/index.php:11
[14-Oct-2018 01:53:47 UTC] PHP Fatal error:  Call to undefined function displayCart() in /home/ubuntu/workspace/cst336/Labs/lab5/scart.php on line 35
[14-Oct-2018 01:53:47 UTC] PHP Stack trace:
[14-Oct-2018 01:53:47 UTC] PHP   1. {main}() /home/ubuntu/workspace/cst336/Labs/lab5/scart.php:0
[14-Oct-2018 01:55:26 UTC] PHP Fatal error:  Call to undefined function displayCart() in /home/ubuntu/workspace/cst336/Labs/lab5/scart.php on line 35
[14-Oct-2018 01:55:26 UTC] PHP Stack trace:
[14-Oct-2018 01:55:26 UTC] PHP   1. {main}() /home/ubuntu/workspace/cst336/Labs/lab5/scart.php:0
[14-Oct-2018 01:56:50 UTC] PHP Warning:  Invalid argument supplied for foreach() in /home/ubuntu/workspace/cst336/Labs/lab5/functions.php on line 31
[14-Oct-2018 01:56:50 UTC] PHP Stack trace:
[14-Oct-2018 01:56:50 UTC] PHP   1. {main}() /home/ubuntu/workspace/cst336/Labs/lab5/scart.php:0
[14-Oct-2018 01:56:50 UTC] PHP   2. displayCart() /home/ubuntu/workspace/cst336/Labs/lab5/scart.php:36
[14-Oct-2018 02:02:26 UTC] PHP Warning:  array_push() expects parameter 1 to be array, string given in /home/ubuntu/workspace/cst336/Labs/lab5/index.php on line 11
[14-Oct-2018 02:02:26 UTC] PHP Stack trace:
[14-Oct-2018 02:02:26 UTC] PHP   1. {main}() /home/ubuntu/workspace/cst336/Labs/lab5/index.php:0
[14-Oct-2018 02:02:26 UTC] PHP   2. array_push() /home/ubuntu/workspace/cst336/Labs/lab5/index.php:11
[14-Oct-2018 02:02:30 UTC] PHP Warning:  array_push() expects parameter 1 to be array, string given in /home/ubuntu/workspace/cst336/Labs/lab5/index.php on line 11
[14-Oct-2018 02:02:30 UTC] PHP Stack trace:
[14-Oct-2018 02:02:30 UTC] PHP   1. {main}() /home/ubuntu/workspace/cst336/Labs/lab5/index.php:0
[14-Oct-2018 02:02:30 UTC] PHP   2. array_push() /home/ubuntu/workspace/cst336/Labs/lab5/index.php:11
[14-Oct-2018 02:02:32 UTC] PHP Warning:  array_push() expects parameter 1 to be array, string given in /home/ubuntu/workspace/cst336/Labs/lab5/index.php on line 11
[14-Oct-2018 02:02:32 UTC] PHP Stack trace:
[14-Oct-2018 02:02:32 UTC] PHP   1. {main}() /home/ubuntu/workspace/cst336/Labs/lab5/index.php:0
[14-Oct-2018 02:02:32 UTC] PHP   2. array_push() /home/ubuntu/workspace/cst336/Labs/lab5/index.php:11
[14-Oct-2018 02:02:38 UTC] PHP Warning:  Invalid argument supplied for foreach() in /home/ubuntu/workspace/cst336/Labs/lab5/functions.php on line 31
[14-Oct-2018 02:02:38 UTC] PHP Stack trace:
[14-Oct-2018 02:02:38 UTC] PHP   1. {main}() /home/ubuntu/workspace/cst336/Labs/lab5/scart.php:0
[14-Oct-2018 02:02:38 UTC] PHP   2. displayCart() /home/ubuntu/workspace/cst336/Labs/lab5/scart.php:36
[14-Oct-2018 02:07:55 UTC] PHP Warning:  Invalid argument supplied for foreach() in /home/ubuntu/workspace/cst336/Labs/lab5/functions.php on line 31
[14-Oct-2018 02:07:55 UTC] PHP Stack trace:
[14-Oct-2018 02:07:55 UTC] PHP   1. {main}() /home/ubuntu/workspace/cst336/Labs/lab5/scart.php:0
[14-Oct-2018 02:07:55 UTC] PHP   2. displayCart() /home/ubuntu/workspace/cst336/Labs/lab5/scart.php:36
[14-Oct-2018 02:08:11 UTC] PHP Fatal error:  [] operator not supported for strings in /home/ubuntu/workspace/cst336/Labs/lab5/index.php on line 10
[14-Oct-2018 02:08:11 UTC] PHP Stack trace:
[14-Oct-2018 02:08:11 UTC] PHP   1. {main}() /home/ubuntu/workspace/cst336/Labs/lab5/index.php:0
[14-Oct-2018 02:10:21 UTC] PHP Fatal error:  [] operator not supported for strings in /home/ubuntu/workspace/cst336/Labs/lab5/index.php on line 11
[14-Oct-2018 02:10:21 UTC] PHP Stack trace:
[14-Oct-2018 02:10:21 UTC] PHP   1. {main}() /home/ubuntu/workspace/cst336/Labs/lab5/index.php:0
[14-Oct-2018 02:12:03 UTC] PHP Fatal error:  [] operator not supported for strings in /home/ubuntu/workspace/cst336/Labs/lab5/index.php on line 10
[14-Oct-2018 02:12:03 UTC] PHP Stack trace:
[14-Oct-2018 02:12:03 UTC] PHP   1. {main}() /home/ubuntu/workspace/cst336/Labs/lab5/index.php:0
[15-Oct-2018 01:49:57 UTC] PHP Fatal error:  Call to a member function prepare() on a non-object in /home/ubuntu/workspace/cst336/Labs/lab6/index.php on line 9
[15-Oct-2018 01:49:57 UTC] PHP Stack trace:
[15-Oct-2018 01:49:57 UTC] PHP   1. {main}() /home/ubuntu/workspace/cst336/Labs/lab6/index.php:0
[15-Oct-2018 01:49:57 UTC] PHP   2. displayCategories() /home/ubuntu/workspace/cst336/Labs/lab6/index.php:27
[15-Oct-2018 01:56:09 UTC] PHP Fatal error:  Call to a member function prepare() on a non-object in /home/ubuntu/workspace/cst336/Labs/lab6/index.php on line 9
[15-Oct-2018 01:56:09 UTC] PHP Stack trace:
[15-Oct-2018 01:56:09 UTC] PHP   1. {main}() /home/ubuntu/workspace/cst336/Labs/lab6/index.php:0
[15-Oct-2018 01:56:09 UTC] PHP   2. displayCategories() /home/ubuntu/workspace/cst336/Labs/lab6/index.php:27
[15-Oct-2018 03:40:19 UTC] PHP Fatal error:  Call to a member function prepare() on a non-object in /home/ubuntu/workspace/cst336/Labs/lab6/index.php on line 9
[15-Oct-2018 03:40:19 UTC] PHP Stack trace:
[15-Oct-2018 03:40:19 UTC] PHP   1. {main}() /home/ubuntu/workspace/cst336/Labs/lab6/index.php:0
[15-Oct-2018 03:40:19 UTC] PHP   2. displayCategories() /home/ubuntu/workspace/cst336/Labs/lab6/index.php:27
[15-Oct-2018 03:43:52 UTC] PHP Fatal error:  Call to a member function prepare() on a non-object in /home/ubuntu/workspace/cst336/Labs/lab6/index.php on line 9
[15-Oct-2018 03:43:52 UTC] PHP Stack trace:
[15-Oct-2018 03:43:52 UTC] PHP   1. {main}() /home/ubuntu/workspace/cst336/Labs/lab6/index.php:0
[15-Oct-2018 03:43:52 UTC] PHP   2. displayCategories() /home/ubuntu/workspace/cst336/Labs/lab6/index.php:27
[15-Oct-2018 03:49:11 UTC] PHP Fatal error:  Call to a member function prepare() on a non-object in /home/ubuntu/workspace/cst336/Labs/lab6/index.php on line 9
[15-Oct-2018 03:49:11 UTC] PHP Stack trace:
[15-Oct-2018 03:49:11 UTC] PHP   1. {main}() /home/ubuntu/workspace/cst336/Labs/lab6/index.php:0
[15-Oct-2018 03:49:11 UTC] PHP   2. displayCategories() /home/ubuntu/workspace/cst336/Labs/lab6/index.php:27
[15-Oct-2018 03:55:15 UTC] PHP Fatal error:  Call to a member function prepare() on a non-object in /home/ubuntu/workspace/cst336/Labs/lab6/index.php on line 9
[15-Oct-2018 03:55:15 UTC] PHP Stack trace:
[15-Oct-2018 03:55:15 UTC] PHP   1. {main}() /home/ubuntu/workspace/cst336/Labs/lab6/index.php:0
[15-Oct-2018 03:55:15 UTC] PHP   2. displayCategories() /home/ubuntu/workspace/cst336/Labs/lab6/index.php:27
[15-Oct-2018 04:08:29 UTC] PHP Fatal error:  Uncaught exception 'PDOException' with message 'SQLSTATE[3D000]: Invalid catalog name: 1046 No database selected' in /home/ubuntu/workspace/cst336/Labs/lab6/index.php:10
Stack trace:
#0 /home/ubuntu/workspace/cst336/Labs/lab6/index.php(10): PDOStatement->execute()
#1 /home/ubuntu/workspace/cst336/Labs/lab6/index.php(29): displayCategories()
#2 {main}
  thrown in /home/ubuntu/workspace/cst336/Labs/lab6/index.php on line 10
[15-Oct-2018 04:27:15 UTC] PHP Parse error:  syntax error, unexpected '' (T_ENCAPSED_AND_WHITESPACE), expecting identifier (T_STRING) or variable (T_VARIABLE) or number (T_NUM_STRING) in /home/ubuntu/workspace/cst336/Labs/lab6/index.php on line 20
[15-Oct-2018 04:28:04 UTC] PHP Parse error:  syntax error, unexpected '' (T_ENCAPSED_AND_WHITESPACE), expecting identifier (T_STRING) or variable (T_VARIABLE) or number (T_NUM_STRING) in /home/ubuntu/workspace/cst336/Labs/lab6/index.php on line 20
[15-Oct-2018 04:28:45 UTC] PHP Parse error:  syntax error, unexpected '' (T_ENCAPSED_AND_WHITESPACE), expecting identifier (T_STRING) or variable (T_VARIABLE) or number (T_NUM_STRING) in /home/ubuntu/workspace/cst336/Labs/lab6/index.php on line 20
[15-Oct-2018 04:51:15 UTC] PHP Fatal error:  Uncaught exception 'PDOException' with message 'SQLSTATE[HY093]: Invalid parameter number: no parameters were bound' in /home/ubuntu/workspace/cst336/Labs/lab6/index.php:26
Stack trace:
#0 /home/ubuntu/workspace/cst336/Labs/lab6/index.php(26): PDOStatement->execute()
#1 /home/ubuntu/workspace/cst336/Labs/lab6/index.php(54): filterProducts()
#2 {main}
  thrown in /home/ubuntu/workspace/cst336/Labs/lab6/index.php on line 26
